	=---------------------------------------=
	|  COMPILERS - ALGONQUIN COLLEGE (F23)  |
	=---------------------------------------=
	|              ....                     |
	|          ........::.::::::.           |
	|        .:........::.:^^^~~~:          |
	|        :^^::::::^^^::^!7??7~^.        |
	|       .:^~~^!77777~~7?YY?7??7^.       |
	|       :.^~!??!^::::^^~!?5PY??!~.      |
	|       ~!!7J~.:::^^^^~!!~~?G5J?~       |
	|       :^~?!~7?Y57^^?PP5YJ!J5Y?:       |
	|       .~!!.:^!7!:.:7JYYJ7~7Y7^        |
	|       .~77..    . .~^:^^^~7?:         |
	|       .^!^~:::.:^!7?~^~!77J:          |
	|        ^^!Y~^^^^~?YJ77??7JJ^          |
	|       .^7J?~^~~^~7??7??7JY?~:         |
	|        ::^^~^7?!^~~!7???J?J7~:.       |
	|         ^~~!.^7YPPPP5Y?7J7777~.       |
	|        ..:~..:^!JPP5YJ?!777!^.        |
	| .~?JJJJJJJJJJYYYYYPPPPPPPPPPPP5PPYY~  |
	|  :!Y5GGG.___ YYYYYY__._.PPGGGGGG5!.   |
	|   :!Y5G / __| ___ / _(_)__ _ PGP5.    |
	|    :~75 \__ \/ _ \  _| / _` | 5?.     |
	|     7~7 |___/\___/_| |_\__,_| Y5?.    |
	|    .^~!~.....................P5YY7.   |
	|   .:::::::::::::?JJJJYYYYYYYYYJJJJ7.  |
	|                                       |
	=---------------------------------------=

[Option 'r': Starting READER .....]

Reading file INPUT0_Empty.sof ....Please wait

Printing buffer parameters:

The capacity of the buffer is:  250
The current size of the buffer is:  0
The operational mode of the buffer is: f
The increment factor of the buffer is:  0
The first symbol in the buffer is:   
The value of the flags field is: 02
Reader statistics : 
Number of errors: 0

Printing buffer contents:

Empty buffer
