	=---------------------------------------=
	|  COMPILERS - ALGONQUIN COLLEGE (F23)  |
	=---------------------------------------=
	|              ....                     |
	|          ........::.::::::.           |
	|        .:........::.:^^^~~~:          |
	|        :^^::::::^^^::^!7??7~^.        |
	|       .:^~~^!77777~~7?YY?7??7^.       |
	|       :.^~!??!^::::^^~!?5PY??!~.      |
	|       ~!!7J~.:::^^^^~!!~~?G5J?~       |
	|       :^~?!~7?Y57^^?PP5YJ!J5Y?:       |
	|       .~!!.:^!7!:.:7JYYJ7~7Y7^        |
	|       .~77..    . .~^:^^^~7?:         |
	|       .^!^~:::.:^!7?~^~!77J:          |
	|        ^^!Y~^^^^~?YJ77??7JJ^          |
	|       .^7J?~^~~^~7??7??7JY?~:         |
	|        ::^^~^7?!^~~!7???J?J7~:.       |
	|         ^~~!.^7YPPPP5Y?7J7777~.       |
	|        ..:~..:^!JPP5YJ?!777!^.        |
	| .~?JJJJJJJJJJYYYYYPPPPPPPPPPPP5PPYY~  |
	|  :!Y5GGG.___ YYYYYY__._.PPGGGGGG5!.   |
	|   :!Y5G / __| ___ / _(_)__ _ PGP5.    |
	|    :~75 \__ \/ _ \  _| / _` | 5?.     |
	|     7~7 |___/\___/_| |_\__,_| Y5?.    |
	|    .^~!~.....................P5YY7.   |
	|   .:::::::::::::?JJJJYYYYYYYYYJJJJ7.  |
	|                                       |
	=---------------------------------------=

[Option 'r': Starting READER .....]

Reading file INPUT5_General.sof ....Please wait
The input file INPUT5_General.sof has not been completely loaded.
Current size of buffer: 250.
Last character read from the input file is: % 37
Input file size: 687

Printing buffer parameters:

The capacity of the buffer is:  250
The current size of the buffer is:  250
The operational mode of the buffer is: f
The increment factor of the buffer is:  0
The first symbol in the buffer is:  #
The value of the flags field is: 02
Reader statistics : 
Reader[120]=15
Reader[97]=11
Reader[108]=29
Reader[120]=2
Reader[105]=2
Reader[99]=1
Reader[97]=5
Reader[108]=2
Reader[121]=2
Reader[34]=1
Reader[99]=1
Reader[111]=2
Reader[114]=2
Reader[99]=8
Reader[116]=1
Reader[32]=1
Reader[100]=1
Reader[115]=2
Reader[104]=4
Reader[108]=5
Reader[32]=2
Reader[116]=1
Reader[101]=1
Reader[114]=1
Reader[111]=1
Reader[114]=2
Reader[32]=1
Reader[97]=17
Reader[116]=1
Reader[121]=4
Reader[112]=5
Reader[117]=14
Reader[115]=2
Reader[32]=3
Reader[102]=2
Reader[114]=9
Reader[32]=9
Reader[83]=7
Reader[118]=11
Reader[105]=9
Reader[108]=4
Reader[101]=11
Reader[110]=8
Reader[32]=10
Reader[82]=6
Reader[97]=2
Reader[101]=3
Reader[118]=3
Reader[32]=3
Reader[10]=1
Number of errors: 0

Printing buffer contents:

# Sofia Example
The program is "lexically" correct and should not generate any error (based on Platypus from Svillen Ranev) #
main& {
	data {
		int i$;
		real a%, sum008%;
		string text@;
	}
	code {
		a%=+1.2;
		sum008% = 7.87050 ;
		input&(a%,sum008