	=---------------------------------------=
	|  COMPILERS - ALGONQUIN COLLEGE (F23)  |
	=---------------------------------------=
	|              ....                     |
	|          ........::.::::::.           |
	|        .:........::.:^^^~~~:          |
	|        :^^::::::^^^::^!7??7~^.        |
	|       .:^~~^!77777~~7?YY?7??7^.       |
	|       :.^~!??!^::::^^~!?5PY??!~.      |
	|       ~!!7J~.:::^^^^~!!~~?G5J?~       |
	|       :^~?!~7?Y57^^?PP5YJ!J5Y?:       |
	|       .~!!.:^!7!:.:7JYYJ7~7Y7^        |
	|       .~77..    . .~^:^^^~7?:         |
	|       .^!^~:::.:^!7?~^~!77J:          |
	|        ^^!Y~^^^^~?YJ77??7JJ^          |
	|       .^7J?~^~~^~7??7??7JY?~:         |
	|        ::^^~^7?!^~~!7???J?J7~:.       |
	|         ^~~!.^7YPPPP5Y?7J7777~.       |
	|        ..:~..:^!JPP5YJ?!777!^.        |
	| .~?JJJJJJJJJJYYYYYPPPPPPPPPPPP5PPYY~  |
	|  :!Y5GGG.___ YYYYYY__._.PPGGGGGG5!.   |
	|   :!Y5G / __| ___ / _(_)__ _ PGP5.    |
	|    :~75 \__ \/ _ \  _| / _` | 5?.     |
	|     7~7 |___/\___/_| |_\__,_| Y5?.    |
	|    .^~!~.....................P5YY7.   |
	|   .:::::::::::::?JJJJYYYYYYYYYJJJJ7.  |
	|                                       |
	=---------------------------------------=

[Option 'r': Starting READER .....]

Reading file INPUT4_Datatypes.sof ....Please wait
The input file INPUT4_Datatypes.sof has not been completely loaded.
Current size of buffer: 250.
Last character read from the input file is: ; 59
Input file size: 299

Printing buffer parameters:

The capacity of the buffer is:  250
The current size of the buffer is:  250
The operational mode of the buffer is: f
The increment factor of the buffer is:  0
The first symbol in the buffer is:  #
The value of the flags field is: 02
Reader statistics : 
Reader[120]=17
Reader[97]=14
Reader[101]=23
Reader[99]=2
Reader[97]=2
Reader[108]=4
Reader[108]=1
Reader[121]=2
Reader[114]=1
Reader[101]=1
Reader[99]=2
Reader[32]=5
Reader[97]=1
Reader[98]=1
Reader[117]=1
Reader[116]=2
Reader[104]=1
Reader[101]=1
Reader[83]=6
Reader[70]=4
Reader[32]=2
Reader[99]=3
Reader[105]=1
Reader[116]=2
Reader[121]=2
Reader[32]=1
Reader[10]=3
Reader[10]=2
Reader[109]=3
Reader[32]=2
Reader[123]=1
Reader[97]=2
Reader[116]=1
Reader[9]=2
Reader[117]=18
Reader[110]=1
Reader[100]=5
Reader[97]=4
Reader[116]=13
Reader[105]=1
Reader[111]=3
Reader[110]=2
Reader[89]=9
Reader[114]=6
Reader[36]=5
Reader[59]=9
Reader[10]=11
Reader[9]=2
Reader[114]=13
Reader[101]=2
Reader[97]=11
Reader[108]=6
Reader[114]=2
Reader[101]=5
Reader[37]=3
Reader[32]=1
Number of errors: 0

Printing buffer contents:

#
Sofia Example
The program is lexically correct about the SOFIA city 
#
main& {
	data {
		int FoundationYear$;
		real Area%, HDI%;
		string CountryName@;
	}
	code {
		FoundationYear$ = -7000;
		Area% = 492.0;
		HDI%=0.871;
		CountryName@ = 'Bulgary'